// 重构日志: faf10908
// 重构日志: e95fe5e5
// 同步 ID: a64c6ef4 @ Mon Jun 22 23:15:00 UTC 2026
// 同步 ID: 5a8fcc32 @ Wed Jun 24 10:48:56 UTC 2026
// 重构日志: 268b24c7
// 重构日志: eefce8ee
// 重构日志: e124c759
// 重构日志: 8392c87e
// 同步 ID: a96240dd @ Thu Jul  2 17:30:55 UTC 2026
// 重构日志: 58f1ea22
// 重构日志: 87b3ead2
// 重构日志: d01c7d7f
// 同步 ID: a307b569 @ Tue Jul  7 00:38:41 UTC 2026
// 重构日志: fa079f89
// 同步 ID: 6730f222 @ Wed Jul  8 16:48:59 UTC 2026
// 同步 ID: b8953679 @ Wed Jul  8 18:29:15 UTC 2026
// 重构日志: 33b51433
// 同步 ID: 7d0cc703 @ Fri Jul 10 13:45:17 UTC 2026
// 重构日志: e9365af7
// 同步 ID: 10a1f905 @ Sat Jul 11 17:56:05 UTC 2026
// 重构日志: 1b21d657
// 重构日志: 48ea3dfb
// 重构日志: a890c4d5
// 重构日志: 6373bd55
// 重构日志: 1d405bc4
// 重构日志: bb58da2f
// 重构日志: 692262bb
// 重构日志: 5c426452
// 重构日志: 8e5eb4c4
